10.1236 	EXP 	Created window1 = Window(allowGUI=True, allowStencil=False, autoLog=True, backendConf=UNKNOWN, backgroundFit=<method-wrapper '__getattribute__' of attributeSetter object at 0x000001975591CC70>, backgroundImage=<method-wrapper '__getattribute__' of attributeSetter object at 0x000001975591CC10>, bitsMode=UNKNOWN, blendMode='avg', bpc=(8, 8, 8), color=array([0, 0, 0]), colorSpace='rgb', depthBits=8, fullscr=<method-wrapper '__getattribute__' of attributeSetter object at 0x000001975591CA90>, gamma=None, gammaErrorPolicy='raise', lms=UNKNOWN, monitor=<psychopy.monitors.calibTools.Monitor object at 0x00000197559D4280>, multiSample=False, name='window1', numSamples=2, pos=(-1920, 0), screen=0, size=array([1920, 1080]), stencilBits=0, stereo=False, title='PsychoPy', units='height', useFBO=True, useRetina=False, viewOri=0.0, viewPos=None, viewScale=None, waitBlanking=True, winType='pyglet')
10.1237 	EXP 	window1: mouseVisible = True
10.1237 	EXP 	window1: backgroundImage = ''
10.1237 	EXP 	window1: backgroundFit = 'none'
10.1249 	EXP 	window1: Attempting to measure frame rate of screen (0) ...
10.1249 	EXP 	window1: recordFrameIntervals = False
10.2914 	EXP 	window1: recordFrameIntervals = True
10.4736 	EXP 	Screen (0) actual frame rate measured at 60.56Hz
10.4737 	EXP 	window1: recordFrameIntervals = False
10.4741 	EXP 	window1: mouseVisible = False
10.4742 	EXP 	image_similarity_rating: status = STARTED
10.4746 	EXP 	window1: mouseVisible = True
10.4973 	EXP 	Created slide_img = ImageStim(__class__=<class 'psychopy.visual.image.ImageStim'>, anchor=('center', 'center'), autoLog=True, color=array([1., 1., 1.]), colorSpace='rgb', contrast=1.0, depth=-2.0, draggable=False, flipHoriz=False, flipVert=False, image='default.png', interpolate=True, mask=None, maskParams=None, name='slide_img', opacity=1.0, ori=0.0, pos=array([0., 0.]), size=array([1.7  , 0.952]), texRes=128.0, units='height', win=Window(...))
10.4974 	EXP 	window1: mouseVisible = True
10.4984 	EXP 	Created polygon = Rect(__class__=<class 'psychopy.visual.rect.Rect'>, anchor=('center', 'center'), autoDraw=False, autoLog=True, closeShape=True, color=method-wrapper(...), colorSpace='rgb', contrast=None, depth=-1.0, draggable=False, fillColor=array([-1, -1, -1]), fillColorSpace='rgb', fillRGB=array([-1, -1, -1]), interpolate=True, lineColor=array([-1., -1., -1.]), lineColorSpace='rgb', lineRGB=array([-1, -1, -1]), lineWidth=1.0, name='polygon', opacity=1.0, ori=0.0, pos=array([0.225, 0.2  ]), size=array([0.305, 0.23 ]), units='height', vertices=ndarray(...), win=Window(...))
10.4985 	EXP 	window1: mouseVisible = True
10.4994 	EXP 	Created polygon_2 = Rect(__class__=<class 'psychopy.visual.rect.Rect'>, anchor=('center', 'center'), autoDraw=False, autoLog=True, closeShape=True, color=method-wrapper(...), colorSpace='rgb', contrast=None, depth=-2.0, draggable=False, fillColor=array([-1, -1, -1]), fillColorSpace='rgb', fillRGB=array([-1, -1, -1]), interpolate=True, lineColor=array([-1., -1., -1.]), lineColorSpace='rgb', lineRGB=array([-1, -1, -1]), lineWidth=1.0, name='polygon_2', opacity=1.0, ori=0.0, pos=array([-0.225,  0.2  ]), size=array([0.305, 0.23 ]), units='height', vertices=ndarray(...), win=Window(...))
10.4994 	EXP 	window1: mouseVisible = True
10.5145 	EXP 	Created image1 = ImageStim(__class__=<class 'psychopy.visual.image.ImageStim'>, anchor=('center', 'center'), autoLog=True, color=array([1., 1., 1.]), colorSpace='rgb', contrast=1.0, depth=-3.0, draggable=False, flipHoriz=False, flipVert=False, image='default.png', interpolate=True, mask=None, maskParams=None, name='image1', opacity=1.0, ori=0.0, pos=array([0., 0.]), size=array([1., 1.]), texRes=128.0, units='height', win=Window(...))
10.5145 	EXP 	window1: mouseVisible = True
10.5288 	EXP 	Created image2 = ImageStim(__class__=<class 'psychopy.visual.image.ImageStim'>, anchor=('center', 'center'), autoLog=True, color=array([1., 1., 1.]), colorSpace='rgb', contrast=1.0, depth=-4.0, draggable=False, flipHoriz=False, flipVert=False, image='default.png', interpolate=True, mask=None, maskParams=None, name='image2', opacity=1.0, ori=0.0, pos=array([0., 0.]), size=array([1., 1.]), texRes=512.0, units='height', win=Window(...))
10.5341 	EXP 	window1: mouseVisible = True
10.5344 	EXP 	window1: mouseVisible = True
10.5358 	EXP 	window1: mouseVisible = True
10.5359 	EXP 	window1: mouseVisible = True
10.5362 	EXP 	window1: mouseVisible = True
10.5364 	EXP 	window1: mouseVisible = True
10.5636 	EXP 	window1: mouseVisible = True
10.5637 	EXP 	window1: mouseVisible = True
10.5640 	EXP 	window1: mouseVisible = True
10.5642 	EXP 	window1: mouseVisible = True
10.5807 	EXP 	window1: mouseVisible = True
10.5808 	EXP 	window1: mouseVisible = True
10.5811 	EXP 	window1: mouseVisible = True
10.5814 	EXP 	window1: mouseVisible = True
10.6073 	EXP 	window1: mouseVisible = True
10.6074 	EXP 	window1: mouseVisible = True
10.6077 	EXP 	window1: mouseVisible = True
10.6080 	EXP 	window1: mouseVisible = True
10.6133 	EXP 	window1: mouseVisible = True
10.6134 	EXP 	window1: mouseVisible = True
10.6137 	EXP 	window1: mouseVisible = True
10.6140 	EXP 	window1: mouseVisible = True
10.6375 	EXP 	window1: mouseVisible = True
10.6376 	EXP 	window1: mouseVisible = True
10.6379 	EXP 	window1: mouseVisible = True
10.6382 	EXP 	window1: mouseVisible = True
10.6434 	EXP 	window1: mouseVisible = True
10.6435 	EXP 	window1: mouseVisible = True
10.6438 	EXP 	window1: mouseVisible = True
10.6440 	EXP 	window1: mouseVisible = True
10.6671 	EXP 	window1: mouseVisible = True
10.6672 	EXP 	window1: mouseVisible = True
10.6675 	EXP 	window1: mouseVisible = True
10.6678 	EXP 	window1: mouseVisible = True
10.6729 	EXP 	window1: mouseVisible = True
10.6730 	EXP 	window1: mouseVisible = True
10.6733 	EXP 	window1: mouseVisible = True
10.6736 	EXP 	window1: mouseVisible = True
10.6963 	EXP 	window1: mouseVisible = True
10.6964 	EXP 	window1: mouseVisible = True
10.6968 	EXP 	window1: mouseVisible = True
10.6971 	EXP 	window1: mouseVisible = True
10.7020 	EXP 	window1: mouseVisible = True
10.7021 	EXP 	window1: mouseVisible = True
10.7024 	EXP 	window1: mouseVisible = True
10.7026 	EXP 	window1: mouseVisible = True
10.7253 	EXP 	window1: mouseVisible = True
10.7254 	EXP 	window1: mouseVisible = True
10.7257 	EXP 	window1: mouseVisible = True
10.7260 	EXP 	window1: mouseVisible = True
10.7314 	EXP 	window1: mouseVisible = True
10.7315 	EXP 	window1: mouseVisible = True
10.7317 	EXP 	window1: mouseVisible = True
10.7320 	EXP 	window1: mouseVisible = True
10.7573 	EXP 	window1: mouseVisible = True
10.7574 	EXP 	window1: mouseVisible = True
10.7577 	EXP 	window1: mouseVisible = True
10.7580 	EXP 	window1: mouseVisible = True
10.7631 	EXP 	window1: mouseVisible = True
10.7639 	EXP 	window1: mouseVisible = True
10.7918 	EXP 	Created slider = Slider(__class__=<class 'psychopy.visual.slider.Slider'>, autoDraw=False, autoLog=True, borderColor=None, color=None, colorSpace='rgb', depth=-5, fillColor=None, flip=False, font='Verdana', granularity=1.0, labelColor=None, labelHeight=0.017499999999999998, labelWrapWidth=None, labels=tuple(...), lineColor=None, markerColor=None, name='slider', opacity=None, ori=0.0, pos=array([0., 0.]), readOnly=False, self=UNKNOWN, size=array([1., 1.]), startValue=None, style='rating', styleTweaks=['triangleMarker'], ticks=array([1, 2, 3, 4, 5, 6, 7]), units='height', win=Window(...))
10.7920 	EXP 	window1: mouseVisible = True
12.0723 	EXP 	Created question = TextStim(__class__=<class 'psychopy.visual.text.TextStim'>, alignHoriz=method-wrapper(...), alignText='center', alignVert=method-wrapper(...), anchorHoriz='center', anchorVert='center', antialias=True, autoDraw=False, autoLog=True, bold=False, color=array([1., 1., 1.]), colorSpace='rgb', contrast=1.0, depth=-6.0, draggable=False, flipHoriz=False, flipVert=False, font='Verdana', fontFiles=[], height=1.0, italic=False, languageStyle='LTR', name='question', opacity=1.0, ori=0.0, pos=array([0., 0.]), rgb=UNKNOWN, text='Content', units='height', win=Window(...), wrapWidth=1)
12.0743 	EXP 	window1: mouseVisible = True
12.0746 	EXP 	window1: mouseVisible = True
12.0761 	EXP 	window1: mouseVisible = True
12.0762 	EXP 	window1: mouseVisible = True
12.0765 	EXP 	window1: mouseVisible = True
12.0768 	EXP 	window1: mouseVisible = True
12.0825 	EXP 	window1: mouseVisible = True
12.0826 	EXP 	window1: mouseVisible = True
12.0829 	EXP 	window1: mouseVisible = True
12.0832 	EXP 	window1: mouseVisible = True
12.0883 	EXP 	window1: mouseVisible = True
12.0884 	EXP 	window1: mouseVisible = True
12.0887 	EXP 	window1: mouseVisible = True
12.0889 	EXP 	window1: mouseVisible = True
12.0942 	EXP 	window1: mouseVisible = True
12.0943 	EXP 	window1: mouseVisible = True
12.0946 	EXP 	window1: mouseVisible = True
12.0948 	EXP 	window1: mouseVisible = True
12.1002 	EXP 	window1: mouseVisible = True
12.1003 	EXP 	window1: mouseVisible = True
12.1006 	EXP 	window1: mouseVisible = True
12.1008 	EXP 	window1: mouseVisible = True
12.1062 	EXP 	window1: mouseVisible = True
12.1063 	EXP 	window1: mouseVisible = True
12.1066 	EXP 	window1: mouseVisible = True
12.1069 	EXP 	window1: mouseVisible = True
12.1124 	EXP 	window1: mouseVisible = True
12.1125 	EXP 	window1: mouseVisible = True
12.1128 	EXP 	window1: mouseVisible = True
12.1131 	EXP 	window1: mouseVisible = True
12.1185 	EXP 	window1: mouseVisible = True
12.1186 	EXP 	window1: mouseVisible = True
12.1189 	EXP 	window1: mouseVisible = True
12.1191 	EXP 	window1: mouseVisible = True
12.1246 	EXP 	window1: mouseVisible = True
12.1247 	EXP 	window1: mouseVisible = True
12.1250 	EXP 	window1: mouseVisible = True
12.1252 	EXP 	window1: mouseVisible = True
12.1305 	EXP 	window1: mouseVisible = True
12.1306 	EXP 	window1: mouseVisible = True
12.1308 	EXP 	window1: mouseVisible = True
12.1311 	EXP 	window1: mouseVisible = True
12.1362 	EXP 	window1: mouseVisible = True
12.1363 	EXP 	window1: mouseVisible = True
12.1366 	EXP 	window1: mouseVisible = True
12.1368 	EXP 	window1: mouseVisible = True
12.1423 	EXP 	window1: mouseVisible = True
12.1424 	EXP 	window1: mouseVisible = True
12.1426 	EXP 	window1: mouseVisible = True
12.1429 	EXP 	window1: mouseVisible = True
12.1482 	EXP 	window1: mouseVisible = True
12.1482 	EXP 	window1: mouseVisible = True
12.1485 	EXP 	window1: mouseVisible = True
12.1488 	EXP 	window1: mouseVisible = True
12.1544 	EXP 	window1: mouseVisible = True
12.1545 	EXP 	window1: mouseVisible = True
12.1548 	EXP 	window1: mouseVisible = True
12.1551 	EXP 	window1: mouseVisible = True
12.1605 	EXP 	window1: mouseVisible = True
12.1614 	EXP 	window1: mouseVisible = True
12.1898 	EXP 	Created slider_2 = Slider(__class__=<class 'psychopy.visual.slider.Slider'>, autoDraw=False, autoLog=True, borderColor=None, color=None, colorSpace='rgb', depth=-7, fillColor=None, flip=False, font='Verdana', granularity=1.0, labelColor=None, labelHeight=0.017499999999999998, labelWrapWidth=None, labels=tuple(...), lineColor=None, markerColor=None, name='slider_2', opacity=None, ori=0.0, pos=array([0., 0.]), readOnly=False, self=UNKNOWN, size=array([1., 1.]), startValue=None, style='rating', styleTweaks=['triangleMarker'], ticks=array([1, 2, 3, 4, 5, 6, 7]), units='height', win=Window(...))
12.1899 	EXP 	window1: mouseVisible = True
12.5561 	EXP 	Created question_2 = TextStim(__class__=<class 'psychopy.visual.text.TextStim'>, alignHoriz=method-wrapper(...), alignText='center', alignVert=method-wrapper(...), anchorHoriz='center', anchorVert='center', antialias=True, autoDraw=False, autoLog=True, bold=False, color=array([1., 1., 1.]), colorSpace='rgb', contrast=1.0, depth=-8.0, draggable=False, flipHoriz=False, flipVert=False, font='Verdana', fontFiles=[], height=1.0, italic=False, languageStyle='LTR', name='question_2', opacity=1.0, ori=0.0, pos=array([0., 0.]), rgb=UNKNOWN, text='Drawing style', units='height', win=Window(...), wrapWidth=1)
12.5562 	EXP 	window1: mouseVisible = True
12.5587 	EXP 	Created text = TextStim(__class__=<class 'psychopy.visual.text.TextStim'>, alignHoriz=method-wrapper(...), alignText='center', alignVert=method-wrapper(...), anchorHoriz='center', anchorVert='center', antialias=True, autoDraw=False, autoLog=True, bold=False, color=array([1., 1., 1.]), colorSpace='rgb', contrast=1.0, depth=0.0, draggable=False, flipHoriz=False, flipVert=False, font='Open Sans', fontFiles=[], height=0.05, italic=False, languageStyle='LTR', name='text', opacity=1.0, ori=0.0, pos=array([0., 0.]), rgb=UNKNOWN, text='', units='height', win=Window(...), wrapWidth=1)
12.5588 	EXP 	window1: mouseVisible = True
12.5747 	EXP 	Created text_2 = TextStim(__class__=<class 'psychopy.visual.text.TextStim'>, alignHoriz=method-wrapper(...), alignText='center', alignVert=method-wrapper(...), anchorHoriz='center', anchorVert='center', antialias=True, autoDraw=False, autoLog=True, bold=False, color=array([1., 1., 1.]), colorSpace='rgb', contrast=1.0, depth=0.0, draggable=False, flipHoriz=False, flipVert=False, font='Open Sans', fontFiles=[], height=0.05, italic=False, languageStyle='LTR', name='text_2', opacity=1.0, ori=0.0, pos=array([0., 0.]), rgb=UNKNOWN, text=str(...), units='height', win=Window(...), wrapWidth=1)
12.5748 	EXP 	window1: mouseVisible = True
12.5759 	EXP 	Created text = TextStim(__class__=<class 'psychopy.visual.text.TextStim'>, alignHoriz=method-wrapper(...), alignText='center', alignVert=method-wrapper(...), anchorHoriz='center', anchorVert='center', antialias=True, autoDraw=False, autoLog=True, bold=False, color=array([1., 1., 1.]), colorSpace='rgb', contrast=1.0, depth=0.0, draggable=False, flipHoriz=False, flipVert=False, font='Open Sans', fontFiles=[], height=0.05, italic=False, languageStyle='LTR', name='text', opacity=1.0, ori=0.0, pos=array([0., 0.]), rgb=UNKNOWN, text='', units='height', win=Window(...), wrapWidth=1)
12.5760 	EXP 	window1: mouseVisible = True
12.5773 	EXP 	Created polygon = Rect(__class__=<class 'psychopy.visual.rect.Rect'>, anchor=('center', 'center'), autoDraw=False, autoLog=True, closeShape=True, color=method-wrapper(...), colorSpace='rgb', contrast=None, depth=-1.0, draggable=False, fillColor=array([-1, -1, -1]), fillColorSpace='rgb', fillRGB=array([-1, -1, -1]), interpolate=True, lineColor=array([-1., -1., -1.]), lineColorSpace='rgb', lineRGB=array([-1, -1, -1]), lineWidth=1.0, name='polygon', opacity=1.0, ori=0.0, pos=array([-0.225,  0.2  ]), size=array([0.305, 0.23 ]), units='height', vertices=ndarray(...), win=Window(...))
12.5773 	EXP 	window1: mouseVisible = True
12.5786 	EXP 	Created polygon_2 = Rect(__class__=<class 'psychopy.visual.rect.Rect'>, anchor=('center', 'center'), autoDraw=False, autoLog=True, closeShape=True, color=method-wrapper(...), colorSpace='rgb', contrast=None, depth=-2.0, draggable=False, fillColor=array([-1, -1, -1]), fillColorSpace='rgb', fillRGB=array([-1, -1, -1]), interpolate=True, lineColor=array([-1., -1., -1.]), lineColorSpace='rgb', lineRGB=array([-1, -1, -1]), lineWidth=1.0, name='polygon_2', opacity=1.0, ori=0.0, pos=array([0.225, 0.2  ]), size=array([0.305, 0.23 ]), units='height', vertices=ndarray(...), win=Window(...))
12.5786 	EXP 	window1: mouseVisible = True
12.5959 	EXP 	Created image1 = ImageStim(__class__=<class 'psychopy.visual.image.ImageStim'>, anchor=('center', 'center'), autoLog=True, color=array([1., 1., 1.]), colorSpace='rgb', contrast=1.0, depth=-3.0, draggable=False, flipHoriz=False, flipVert=False, image='default.png', interpolate=True, mask=None, maskParams=None, name='image1', opacity=1.0, ori=0.0, pos=array([0., 0.]), size=array([1., 1.]), texRes=128.0, units='height', win=Window(...))
12.5960 	EXP 	window1: mouseVisible = True
12.6113 	EXP 	Created image2 = ImageStim(__class__=<class 'psychopy.visual.image.ImageStim'>, anchor=('center', 'center'), autoLog=True, color=array([1., 1., 1.]), colorSpace='rgb', contrast=1.0, depth=-4.0, draggable=False, flipHoriz=False, flipVert=False, image='default.png', interpolate=True, mask=None, maskParams=None, name='image2', opacity=1.0, ori=0.0, pos=array([0., 0.]), size=array([1., 1.]), texRes=512.0, units='height', win=Window(...))
12.6133 	EXP 	window1: mouseVisible = True
12.6136 	EXP 	window1: mouseVisible = True
12.6148 	EXP 	window1: mouseVisible = True
12.6149 	EXP 	window1: mouseVisible = True
12.6152 	EXP 	window1: mouseVisible = True
12.6155 	EXP 	window1: mouseVisible = True
12.6210 	EXP 	window1: mouseVisible = True
12.6211 	EXP 	window1: mouseVisible = True
12.6214 	EXP 	window1: mouseVisible = True
12.6216 	EXP 	window1: mouseVisible = True
12.6270 	EXP 	window1: mouseVisible = True
12.6271 	EXP 	window1: mouseVisible = True
12.6274 	EXP 	window1: mouseVisible = True
12.6276 	EXP 	window1: mouseVisible = True
12.6328 	EXP 	window1: mouseVisible = True
12.6329 	EXP 	window1: mouseVisible = True
12.6332 	EXP 	window1: mouseVisible = True
12.6334 	EXP 	window1: mouseVisible = True
12.6385 	EXP 	window1: mouseVisible = True
12.6391 	EXP 	window1: mouseVisible = True
12.6395 	EXP 	window1: mouseVisible = True
12.6397 	EXP 	window1: mouseVisible = True
12.6450 	EXP 	window1: mouseVisible = True
12.6451 	EXP 	window1: mouseVisible = True
12.6454 	EXP 	window1: mouseVisible = True
12.6457 	EXP 	window1: mouseVisible = True
12.6510 	EXP 	window1: mouseVisible = True
12.6511 	EXP 	window1: mouseVisible = True
12.6515 	EXP 	window1: mouseVisible = True
12.6518 	EXP 	window1: mouseVisible = True
12.6569 	EXP 	window1: mouseVisible = True
12.6570 	EXP 	window1: mouseVisible = True
12.6573 	EXP 	window1: mouseVisible = True
12.6576 	EXP 	window1: mouseVisible = True
12.6629 	EXP 	window1: mouseVisible = True
12.6630 	EXP 	window1: mouseVisible = True
12.6633 	EXP 	window1: mouseVisible = True
12.6635 	EXP 	window1: mouseVisible = True
12.6689 	EXP 	window1: mouseVisible = True
12.6690 	EXP 	window1: mouseVisible = True
12.6693 	EXP 	window1: mouseVisible = True
12.6695 	EXP 	window1: mouseVisible = True
12.6749 	EXP 	window1: mouseVisible = True
12.6750 	EXP 	window1: mouseVisible = True
12.6754 	EXP 	window1: mouseVisible = True
12.6757 	EXP 	window1: mouseVisible = True
12.6809 	EXP 	window1: mouseVisible = True
12.6810 	EXP 	window1: mouseVisible = True
12.6813 	EXP 	window1: mouseVisible = True
12.6816 	EXP 	window1: mouseVisible = True
12.6863 	EXP 	window1: mouseVisible = True
12.6864 	EXP 	window1: mouseVisible = True
12.6870 	EXP 	window1: mouseVisible = True
12.6875 	EXP 	window1: mouseVisible = True
12.6929 	EXP 	window1: mouseVisible = True
12.6930 	EXP 	window1: mouseVisible = True
12.6933 	EXP 	window1: mouseVisible = True
12.6935 	EXP 	window1: mouseVisible = True
12.6986 	EXP 	window1: mouseVisible = True
12.6995 	EXP 	window1: mouseVisible = True
12.7273 	EXP 	Created slider = Slider(__class__=<class 'psychopy.visual.slider.Slider'>, autoDraw=False, autoLog=True, borderColor=None, color=None, colorSpace='rgb', depth=-5, fillColor=None, flip=False, font='Verdana', granularity=1.0, labelColor=None, labelHeight=0.017499999999999998, labelWrapWidth=None, labels=tuple(...), lineColor=None, markerColor=None, name='slider', opacity=None, ori=0.0, pos=array([0., 0.]), readOnly=False, self=UNKNOWN, size=array([1., 1.]), startValue=None, style='rating', styleTweaks=['triangleMarker'], ticks=array([1, 2, 3, 4, 5, 6, 7]), units='height', win=Window(...))
12.7275 	EXP 	window1: mouseVisible = True
12.7297 	EXP 	Created question = TextStim(__class__=<class 'psychopy.visual.text.TextStim'>, alignHoriz=method-wrapper(...), alignText='center', alignVert=method-wrapper(...), anchorHoriz='center', anchorVert='center', antialias=True, autoDraw=False, autoLog=True, bold=False, color=array([1., 1., 1.]), colorSpace='rgb', contrast=1.0, depth=-6.0, draggable=False, flipHoriz=False, flipVert=False, font='Verdana', fontFiles=[], height=1.0, italic=False, languageStyle='LTR', name='question', opacity=1.0, ori=0.0, pos=array([0., 0.]), rgb=UNKNOWN, text='Content', units='height', win=Window(...), wrapWidth=1)
12.7314 	EXP 	window1: mouseVisible = True
12.7317 	EXP 	window1: mouseVisible = True
12.7330 	EXP 	window1: mouseVisible = True
12.7330 	EXP 	window1: mouseVisible = True
12.7336 	EXP 	window1: mouseVisible = True
12.7340 	EXP 	window1: mouseVisible = True
12.7403 	EXP 	window1: mouseVisible = True
12.7404 	EXP 	window1: mouseVisible = True
12.7406 	EXP 	window1: mouseVisible = True
12.7409 	EXP 	window1: mouseVisible = True
12.7458 	EXP 	window1: mouseVisible = True
12.7459 	EXP 	window1: mouseVisible = True
12.7461 	EXP 	window1: mouseVisible = True
12.7464 	EXP 	window1: mouseVisible = True
12.7518 	EXP 	window1: mouseVisible = True
12.7518 	EXP 	window1: mouseVisible = True
12.7521 	EXP 	window1: mouseVisible = True
12.7524 	EXP 	window1: mouseVisible = True
12.7574 	EXP 	window1: mouseVisible = True
12.7575 	EXP 	window1: mouseVisible = True
12.7577 	EXP 	window1: mouseVisible = True
12.7580 	EXP 	window1: mouseVisible = True
12.7629 	EXP 	window1: mouseVisible = True
12.7629 	EXP 	window1: mouseVisible = True
12.7637 	EXP 	window1: mouseVisible = True
12.7640 	EXP 	window1: mouseVisible = True
12.7698 	EXP 	window1: mouseVisible = True
12.7699 	EXP 	window1: mouseVisible = True
12.7702 	EXP 	window1: mouseVisible = True
12.7705 	EXP 	window1: mouseVisible = True
12.7762 	EXP 	window1: mouseVisible = True
12.7763 	EXP 	window1: mouseVisible = True
12.7766 	EXP 	window1: mouseVisible = True
12.7768 	EXP 	window1: mouseVisible = True
12.7820 	EXP 	window1: mouseVisible = True
12.7821 	EXP 	window1: mouseVisible = True
12.7823 	EXP 	window1: mouseVisible = True
12.7826 	EXP 	window1: mouseVisible = True
12.7882 	EXP 	window1: mouseVisible = True
12.7883 	EXP 	window1: mouseVisible = True
12.7886 	EXP 	window1: mouseVisible = True
12.8326 	EXP 	window1: mouseVisible = True
12.8395 	EXP 	window1: mouseVisible = True
12.8397 	EXP 	window1: mouseVisible = True
12.8400 	EXP 	window1: mouseVisible = True
12.8403 	EXP 	window1: mouseVisible = True
12.8459 	EXP 	window1: mouseVisible = True
12.8460 	EXP 	window1: mouseVisible = True
12.8463 	EXP 	window1: mouseVisible = True
12.8466 	EXP 	window1: mouseVisible = True
12.8521 	EXP 	window1: mouseVisible = True
12.8522 	EXP 	window1: mouseVisible = True
12.8525 	EXP 	window1: mouseVisible = True
12.8527 	EXP 	window1: mouseVisible = True
12.8585 	EXP 	window1: mouseVisible = True
12.8586 	EXP 	window1: mouseVisible = True
12.8589 	EXP 	window1: mouseVisible = True
12.8591 	EXP 	window1: mouseVisible = True
12.8644 	EXP 	window1: mouseVisible = True
12.8653 	EXP 	window1: mouseVisible = True
12.8948 	EXP 	Created slider_2 = Slider(__class__=<class 'psychopy.visual.slider.Slider'>, autoDraw=False, autoLog=True, borderColor=None, color=None, colorSpace='rgb', depth=-7, fillColor=None, flip=False, font='Verdana', granularity=1.0, labelColor=None, labelHeight=0.017499999999999998, labelWrapWidth=None, labels=tuple(...), lineColor=None, markerColor=None, name='slider_2', opacity=None, ori=0.0, pos=array([0., 0.]), readOnly=False, self=UNKNOWN, size=array([1., 1.]), startValue=None, style='rating', styleTweaks=['triangleMarker'], ticks=array([1, 2, 3, 4, 5, 6, 7]), units='height', win=Window(...))
12.8950 	EXP 	window1: mouseVisible = True
12.8981 	EXP 	Created question_2 = TextStim(__class__=<class 'psychopy.visual.text.TextStim'>, alignHoriz=method-wrapper(...), alignText='center', alignVert=method-wrapper(...), anchorHoriz='center', anchorVert='center', antialias=True, autoDraw=False, autoLog=True, bold=False, color=array([1., 1., 1.]), colorSpace='rgb', contrast=1.0, depth=-8.0, draggable=False, flipHoriz=False, flipVert=False, font='Verdana', fontFiles=[], height=1.0, italic=False, languageStyle='LTR', name='question_2', opacity=1.0, ori=0.0, pos=array([0., 0.]), rgb=UNKNOWN, text='Drawing style', units='height', win=Window(...), wrapWidth=1)
12.8982 	EXP 	window1: mouseVisible = True
12.8993 	EXP 	Created message_end = TextStim(__class__=<class 'psychopy.visual.text.TextStim'>, alignHoriz=method-wrapper(...), alignText='center', alignVert=method-wrapper(...), anchorHoriz='center', anchorVert='center', antialias=True, autoDraw=False, autoLog=True, bold=False, color=array([-1., -1., -1.]), colorSpace='rgb', contrast=1.0, depth=0.0, draggable=False, flipHoriz=False, flipVert=False, font='Verdana', fontFiles=[], height=0.05, italic=False, languageStyle='LTR', name='message_end', opacity=1.0, ori=0.0, pos=array([0., 0.]), rgb=UNKNOWN, text='', units='height', win=Window(...), wrapWidth=1)
0.0035 	EXP 	slider: autoLog = True
0.0035 	EXP 	slider: styleTweaks = []
0.0035 	EXP 	slider: styleTweaks = []
0.0035 	EXP 	slider: styleTweaks = ['triangleMarker']
0.0035 	EXP 	slider: styleTweaks = ['triangleMarker']
0.0035 	EXP 	slider: contrast = 1.0
0.0035 	EXP 	slider: markerPos = None
0.0035 	EXP 	slider: autoLog = True
0.0035 	EXP 	slider_2: autoLog = True
0.0035 	EXP 	slider_2: styleTweaks = []
0.0035 	EXP 	slider_2: styleTweaks = []
0.0035 	EXP 	slider_2: styleTweaks = ['triangleMarker']
0.0035 	EXP 	slider_2: styleTweaks = ['triangleMarker']
0.0035 	EXP 	slider_2: contrast = 1.0
0.0035 	EXP 	slider_2: markerPos = None
0.0035 	EXP 	slider_2: autoLog = True
0.0035 	EXP 	slider: autoLog = True
0.0035 	EXP 	slider: styleTweaks = []
0.0035 	EXP 	slider: styleTweaks = []
0.0035 	EXP 	slider: styleTweaks = ['triangleMarker']
0.0035 	EXP 	slider: styleTweaks = ['triangleMarker']
0.0035 	EXP 	slider: contrast = 1.0
0.0035 	EXP 	slider: markerPos = None
0.0035 	EXP 	slider: autoLog = True
0.0035 	EXP 	slider_2: autoLog = True
0.0035 	EXP 	slider_2: styleTweaks = []
0.0035 	EXP 	slider_2: styleTweaks = []
0.0035 	EXP 	slider_2: styleTweaks = ['triangleMarker']
0.0035 	EXP 	slider_2: styleTweaks = ['triangleMarker']
0.0035 	EXP 	slider_2: contrast = 1.0
0.0035 	EXP 	slider_2: markerPos = None
0.0035 	EXP 	slider_2: autoLog = True
0.0106 	EXP 	Imported instructions/instructions_bathroom.xlsx as conditions, 4 conditions, 1 params
0.0109 	EXP 	Created sequence: sequential, trialTypes=4, nReps=1, seed=None
0.0110 	EXP 	New trial (rep=0, index=0): {'slide': 'instructions/Slide1.jpg'}
0.0515 	EXP 	slide_img: image = 'instructions/Slide1.jpg'
0.0515 	EXP 	slide_img: autoDraw = True
1.3253 	DATA 	Keypress: space
1.3275 	EXP 	New trial (rep=0, index=1): {'slide': 'instructions/Slide3.jpg'}
1.3464 	EXP 	slide_img: autoDraw = False
1.3464 	EXP 	slide_img: image = 'instructions/Slide3.jpg'
1.3464 	EXP 	slide_img: autoDraw = True
1.6914 	DATA 	Keypress: space
1.6920 	EXP 	New trial (rep=0, index=2): {'slide': 'instructions/Slide4.jpg'}
1.7082 	EXP 	slide_img: autoDraw = False
1.7082 	EXP 	slide_img: image = 'instructions/Slide4.jpg'
1.7082 	EXP 	slide_img: autoDraw = True
2.0911 	DATA 	Keypress: space
2.0919 	EXP 	New trial (rep=0, index=3): {'slide': 'instructions/Slide5.jpg'}
2.1082 	EXP 	slide_img: autoDraw = False
2.1082 	EXP 	slide_img: image = 'instructions/Slide5.jpg'
2.1082 	EXP 	slide_img: autoDraw = True
2.6419 	DATA 	Keypress: space
2.6516 	EXP 	Imported conditions/practice_cond_bathroom.csv as conditions, 10 conditions, 6 params
2.6519 	EXP 	Created sequence: random, trialTypes=10, nReps=1, seed=200
2.6520 	EXP 	New trial (rep=0, index=0): OrderedDict([('sub1', 107), ('sub2', 128), ('pairID', 'practice'), ('trialID', 7), ('stim1', 'stimuli/own/bathroom/107_bat.jpg'), ('stim2', 'stimuli/own/bathroom/128_bat.jpg')])
2.8272 	EXP 	slide_img: autoDraw = False
2.8272 	EXP 	image1: image = 'stimuli/own/bathroom/107_bat.jpg'
2.8272 	EXP 	image2: image = 'stimuli/own/bathroom/128_bat.jpg'
2.8272 	EXP 	slider: markerPos = None
2.8272 	EXP 	slider: markerPos = None
2.8272 	EXP 	slider: styleTweaks = ['triangleMarker']
2.8272 	EXP 	slider: styleTweaks = ['triangleMarker']
2.8272 	EXP 	question: height = 0.034999999999999996
2.8272 	EXP 	slider_2: markerPos = None
2.8272 	EXP 	slider_2: markerPos = None
2.8272 	EXP 	slider_2: styleTweaks = ['triangleMarker']
2.8272 	EXP 	slider_2: styleTweaks = ['triangleMarker']
2.8272 	EXP 	question_2: height = 0.034999999999999996
2.8272 	EXP 	polygon: autoDraw = True
2.8272 	EXP 	polygon_2: autoDraw = True
2.8272 	EXP 	image1: autoDraw = True
2.8272 	EXP 	image2: autoDraw = True
2.8272 	EXP 	slider: autoDraw = True
2.8272 	EXP 	question: autoDraw = True
2.8272 	EXP 	slider_2: autoDraw = True
2.8272 	EXP 	question_2: autoDraw = True
2.8272 	EXP 	question: height = 0.034999999999999996
2.8272 	EXP 	question: height = 0.034999999999999996
2.8272 	EXP 	question: height = 0.034999999999999996
2.8272 	EXP 	question: text = 'Content'
2.8272 	EXP 	question_2: height = 0.034999999999999996
2.8272 	EXP 	question_2: height = 0.034999999999999996
2.8272 	EXP 	question_2: height = 0.034999999999999996
2.8272 	EXP 	question_2: text = 'Drawing style'
5.4014 	DATA 	Keypress: space
5.4246 	EXP 	polygon: autoDraw = False
5.4246 	EXP 	polygon_2: autoDraw = False
5.4246 	EXP 	image1: autoDraw = False
5.4246 	EXP 	image2: autoDraw = False
5.4246 	EXP 	slider: autoDraw = False
5.4246 	EXP 	question: autoDraw = False
5.4246 	EXP 	slider_2: autoDraw = False
5.4246 	EXP 	question_2: autoDraw = False
5.4246 	EXP 	text: autoDraw = True
5.7100 	EXP 	New trial (rep=0, index=1): OrderedDict([('sub1', 107), ('sub2', 133), ('pairID', 'practice'), ('trialID', 9), ('stim1', 'stimuli/own/bathroom/107_bat.jpg'), ('stim2', 'stimuli/own/bathroom/133_bat.jpg')])
5.8713 	EXP 	text: autoDraw = False
5.8713 	EXP 	text: autoDraw = False
5.8713 	EXP 	image1: image = 'stimuli/own/bathroom/107_bat.jpg'
5.8713 	EXP 	image2: image = 'stimuli/own/bathroom/133_bat.jpg'
5.8713 	EXP 	slider: markerPos = None
5.8713 	EXP 	slider: markerPos = None
5.8713 	EXP 	slider: styleTweaks = ['triangleMarker']
5.8713 	EXP 	slider: styleTweaks = ['triangleMarker']
5.8713 	EXP 	question: height = 0.034999999999999996
5.8713 	EXP 	slider_2: markerPos = None
5.8713 	EXP 	slider_2: markerPos = None
5.8713 	EXP 	slider_2: styleTweaks = ['triangleMarker']
5.8713 	EXP 	slider_2: styleTweaks = ['triangleMarker']
5.8713 	EXP 	question_2: height = 0.034999999999999996
5.8713 	EXP 	polygon: autoDraw = True
5.8713 	EXP 	polygon_2: autoDraw = True
5.8713 	EXP 	image1: autoDraw = True
5.8713 	EXP 	image2: autoDraw = True
5.8713 	EXP 	slider: autoDraw = True
5.8713 	EXP 	question: autoDraw = True
5.8713 	EXP 	slider_2: autoDraw = True
5.8713 	EXP 	question_2: autoDraw = True
5.8713 	EXP 	question: height = 0.034999999999999996
5.8713 	EXP 	question: height = 0.034999999999999996
5.8713 	EXP 	question: height = 0.034999999999999996
5.8713 	EXP 	question: text = 'Content'
5.8713 	EXP 	question_2: height = 0.034999999999999996
5.8713 	EXP 	question_2: height = 0.034999999999999996
5.8713 	EXP 	question_2: height = 0.034999999999999996
5.8713 	EXP 	question_2: text = 'Drawing style'
7.0823 	DATA 	Keypress: space
7.1073 	EXP 	polygon: autoDraw = False
7.1073 	EXP 	polygon_2: autoDraw = False
7.1073 	EXP 	image1: autoDraw = False
7.1073 	EXP 	image2: autoDraw = False
7.1073 	EXP 	slider: autoDraw = False
7.1073 	EXP 	question: autoDraw = False
7.1073 	EXP 	slider_2: autoDraw = False
7.1073 	EXP 	question_2: autoDraw = False
7.1073 	EXP 	text: autoDraw = True
7.3929 	EXP 	New trial (rep=0, index=2): OrderedDict([('sub1', 108), ('sub2', 110), ('pairID', 'practice'), ('trialID', 8), ('stim1', 'stimuli/own/bathroom/108_bat.jpg'), ('stim2', 'stimuli/own/bathroom/110_bat.jpg')])
7.5565 	EXP 	text: autoDraw = False
7.5565 	EXP 	text: autoDraw = False
7.5565 	EXP 	image1: image = 'stimuli/own/bathroom/108_bat.jpg'
7.5565 	EXP 	image2: image = 'stimuli/own/bathroom/110_bat.jpg'
7.5565 	EXP 	slider: markerPos = None
7.5565 	EXP 	slider: markerPos = None
7.5565 	EXP 	slider: styleTweaks = ['triangleMarker']
7.5565 	EXP 	slider: styleTweaks = ['triangleMarker']
7.5565 	EXP 	question: height = 0.034999999999999996
7.5565 	EXP 	slider_2: markerPos = None
7.5565 	EXP 	slider_2: markerPos = None
7.5565 	EXP 	slider_2: styleTweaks = ['triangleMarker']
7.5565 	EXP 	slider_2: styleTweaks = ['triangleMarker']
7.5565 	EXP 	question_2: height = 0.034999999999999996
7.5565 	EXP 	polygon: autoDraw = True
7.5565 	EXP 	polygon_2: autoDraw = True
7.5565 	EXP 	image1: autoDraw = True
7.5565 	EXP 	image2: autoDraw = True
7.5565 	EXP 	slider: autoDraw = True
7.5565 	EXP 	question: autoDraw = True
7.5565 	EXP 	slider_2: autoDraw = True
7.5565 	EXP 	question_2: autoDraw = True
7.5565 	EXP 	question: height = 0.034999999999999996
7.5565 	EXP 	question: height = 0.034999999999999996
7.5565 	EXP 	question: height = 0.034999999999999996
7.5565 	EXP 	question: text = 'Content'
7.5565 	EXP 	question_2: height = 0.034999999999999996
7.5565 	EXP 	question_2: height = 0.034999999999999996
7.5565 	EXP 	question_2: height = 0.034999999999999996
7.5565 	EXP 	question_2: text = 'Drawing style'
8.8633 	DATA 	Keypress: space
8.8906 	EXP 	polygon: autoDraw = False
8.8906 	EXP 	polygon_2: autoDraw = False
8.8906 	EXP 	image1: autoDraw = False
8.8906 	EXP 	image2: autoDraw = False
8.8906 	EXP 	slider: autoDraw = False
8.8906 	EXP 	question: autoDraw = False
8.8906 	EXP 	slider_2: autoDraw = False
8.8906 	EXP 	question_2: autoDraw = False
8.8906 	EXP 	text: autoDraw = True
9.1774 	EXP 	New trial (rep=0, index=3): OrderedDict([('sub1', 128), ('sub2', 108), ('pairID', 'practice'), ('trialID', 3), ('stim1', 'stimuli/own/bathroom/128_bat.jpg'), ('stim2', 'stimuli/own/bathroom/108_bat.jpg')])
9.3583 	EXP 	text: autoDraw = False
9.3583 	EXP 	text: autoDraw = False
9.3583 	EXP 	image1: image = 'stimuli/own/bathroom/128_bat.jpg'
9.3583 	EXP 	image2: image = 'stimuli/own/bathroom/108_bat.jpg'
9.3583 	EXP 	slider: markerPos = None
9.3583 	EXP 	slider: markerPos = None
9.3583 	EXP 	slider: styleTweaks = ['triangleMarker']
9.3583 	EXP 	slider: styleTweaks = ['triangleMarker']
9.3583 	EXP 	question: height = 0.034999999999999996
9.3583 	EXP 	slider_2: markerPos = None
9.3583 	EXP 	slider_2: markerPos = None
9.3583 	EXP 	slider_2: styleTweaks = ['triangleMarker']
9.3583 	EXP 	slider_2: styleTweaks = ['triangleMarker']
9.3583 	EXP 	question_2: height = 0.034999999999999996
9.3583 	EXP 	polygon: autoDraw = True
9.3583 	EXP 	polygon_2: autoDraw = True
9.3583 	EXP 	image1: autoDraw = True
9.3583 	EXP 	image2: autoDraw = True
9.3583 	EXP 	slider: autoDraw = True
9.3583 	EXP 	question: autoDraw = True
9.3583 	EXP 	slider_2: autoDraw = True
9.3583 	EXP 	question_2: autoDraw = True
9.3583 	EXP 	question: height = 0.034999999999999996
9.3583 	EXP 	question: height = 0.034999999999999996
9.3583 	EXP 	question: height = 0.034999999999999996
9.3583 	EXP 	question: text = 'Content'
9.3583 	EXP 	question_2: height = 0.034999999999999996
9.3583 	EXP 	question_2: height = 0.034999999999999996
9.3583 	EXP 	question_2: height = 0.034999999999999996
9.3583 	EXP 	question_2: text = 'Drawing style'
10.2802 	DATA 	Keypress: space
10.3077 	EXP 	polygon: autoDraw = False
10.3077 	EXP 	polygon_2: autoDraw = False
10.3077 	EXP 	image1: autoDraw = False
10.3077 	EXP 	image2: autoDraw = False
10.3077 	EXP 	slider: autoDraw = False
10.3077 	EXP 	question: autoDraw = False
10.3077 	EXP 	slider_2: autoDraw = False
10.3077 	EXP 	question_2: autoDraw = False
10.3077 	EXP 	text: autoDraw = True
10.5947 	EXP 	New trial (rep=0, index=4): OrderedDict([('sub1', 110), ('sub2', 107), ('pairID', 'practice'), ('trialID', 4), ('stim1', 'stimuli/own/bathroom/110_bat.jpg'), ('stim2', 'stimuli/own/bathroom/107_bat.jpg')])
10.7640 	EXP 	text: autoDraw = False
10.7640 	EXP 	image1: image = 'stimuli/own/bathroom/110_bat.jpg'
10.7640 	EXP 	image2: image = 'stimuli/own/bathroom/107_bat.jpg'
10.7640 	EXP 	slider: markerPos = None
10.7640 	EXP 	slider: markerPos = None
10.7640 	EXP 	slider: styleTweaks = ['triangleMarker']
10.7640 	EXP 	slider: styleTweaks = ['triangleMarker']
10.7640 	EXP 	question: height = 0.034999999999999996
10.7640 	EXP 	slider_2: markerPos = None
10.7640 	EXP 	slider_2: markerPos = None
10.7640 	EXP 	slider_2: styleTweaks = ['triangleMarker']
10.7640 	EXP 	slider_2: styleTweaks = ['triangleMarker']
10.7640 	EXP 	question_2: height = 0.034999999999999996
10.7640 	EXP 	polygon: autoDraw = True
10.7640 	EXP 	polygon_2: autoDraw = True
10.7640 	EXP 	image1: autoDraw = True
10.7640 	EXP 	image2: autoDraw = True
10.7640 	EXP 	slider: autoDraw = True
10.7640 	EXP 	question: autoDraw = True
10.7640 	EXP 	slider_2: autoDraw = True
10.7640 	EXP 	question_2: autoDraw = True
10.7640 	EXP 	question: height = 0.034999999999999996
10.7640 	EXP 	question: height = 0.034999999999999996
10.7640 	EXP 	question: height = 0.034999999999999996
10.7640 	EXP 	question: text = 'Content'
10.7640 	EXP 	question_2: height = 0.034999999999999996
10.7640 	EXP 	question_2: height = 0.034999999999999996
10.7640 	EXP 	question_2: height = 0.034999999999999996
10.7640 	EXP 	question_2: text = 'Drawing style'
11.4796 	DATA 	Keypress: space
11.5070 	EXP 	polygon: autoDraw = False
11.5070 	EXP 	polygon_2: autoDraw = False
11.5070 	EXP 	image1: autoDraw = False
11.5070 	EXP 	image2: autoDraw = False
11.5070 	EXP 	slider: autoDraw = False
11.5070 	EXP 	question: autoDraw = False
11.5070 	EXP 	slider_2: autoDraw = False
11.5070 	EXP 	question_2: autoDraw = False
11.5070 	EXP 	text: autoDraw = True
11.7933 	EXP 	New trial (rep=0, index=5): OrderedDict([('sub1', 110), ('sub2', 128), ('pairID', 'practice'), ('trialID', 2), ('stim1', 'stimuli/own/bathroom/110_bat.jpg'), ('stim2', 'stimuli/own/bathroom/128_bat.jpg')])
11.9590 	EXP 	text: autoDraw = False
11.9590 	EXP 	text: autoDraw = False
11.9590 	EXP 	image1: image = 'stimuli/own/bathroom/110_bat.jpg'
11.9590 	EXP 	image2: image = 'stimuli/own/bathroom/128_bat.jpg'
11.9590 	EXP 	slider: markerPos = None
11.9590 	EXP 	slider: markerPos = None
11.9590 	EXP 	slider: styleTweaks = ['triangleMarker']
11.9590 	EXP 	slider: styleTweaks = ['triangleMarker']
11.9590 	EXP 	question: height = 0.034999999999999996
11.9590 	EXP 	slider_2: markerPos = None
11.9590 	EXP 	slider_2: markerPos = None
11.9590 	EXP 	slider_2: styleTweaks = ['triangleMarker']
11.9590 	EXP 	slider_2: styleTweaks = ['triangleMarker']
11.9590 	EXP 	question_2: height = 0.034999999999999996
11.9590 	EXP 	polygon: autoDraw = True
11.9590 	EXP 	polygon_2: autoDraw = True
11.9590 	EXP 	image1: autoDraw = True
11.9590 	EXP 	image2: autoDraw = True
11.9590 	EXP 	slider: autoDraw = True
11.9590 	EXP 	question: autoDraw = True
11.9590 	EXP 	slider_2: autoDraw = True
11.9590 	EXP 	question_2: autoDraw = True
11.9590 	EXP 	question: height = 0.034999999999999996
11.9590 	EXP 	question: height = 0.034999999999999996
11.9590 	EXP 	question: height = 0.034999999999999996
11.9590 	EXP 	question: text = 'Content'
11.9590 	EXP 	question_2: height = 0.034999999999999996
11.9590 	EXP 	question_2: height = 0.034999999999999996
11.9590 	EXP 	question_2: height = 0.034999999999999996
11.9590 	EXP 	question_2: text = 'Drawing style'
12.6967 	DATA 	Keypress: space
12.7240 	EXP 	polygon: autoDraw = False
12.7240 	EXP 	polygon_2: autoDraw = False
12.7240 	EXP 	image1: autoDraw = False
12.7240 	EXP 	image2: autoDraw = False
12.7240 	EXP 	slider: autoDraw = False
12.7240 	EXP 	question: autoDraw = False
12.7240 	EXP 	slider_2: autoDraw = False
12.7240 	EXP 	question_2: autoDraw = False
12.7240 	EXP 	text: autoDraw = True
13.0105 	EXP 	New trial (rep=0, index=6): OrderedDict([('sub1', 107), ('sub2', 108), ('pairID', 'practice'), ('trialID', 5), ('stim1', 'stimuli/own/bathroom/107_bat.jpg'), ('stim2', 'stimuli/own/bathroom/108_bat.jpg')])
13.1846 	EXP 	text: autoDraw = False
13.1846 	EXP 	text: autoDraw = False
13.1846 	EXP 	image1: image = 'stimuli/own/bathroom/107_bat.jpg'
13.1846 	EXP 	image2: image = 'stimuli/own/bathroom/108_bat.jpg'
13.1846 	EXP 	slider: markerPos = None
13.1846 	EXP 	slider: markerPos = None
13.1846 	EXP 	slider: styleTweaks = ['triangleMarker']
13.1846 	EXP 	slider: styleTweaks = ['triangleMarker']
13.1846 	EXP 	question: height = 0.034999999999999996
13.1846 	EXP 	slider_2: markerPos = None
13.1846 	EXP 	slider_2: markerPos = None
13.1846 	EXP 	slider_2: styleTweaks = ['triangleMarker']
13.1846 	EXP 	slider_2: styleTweaks = ['triangleMarker']
13.1846 	EXP 	question_2: height = 0.034999999999999996
13.1846 	EXP 	polygon: autoDraw = True
13.1846 	EXP 	polygon_2: autoDraw = True
13.1846 	EXP 	image1: autoDraw = True
13.1846 	EXP 	image2: autoDraw = True
13.1846 	EXP 	slider: autoDraw = True
13.1846 	EXP 	question: autoDraw = True
13.1846 	EXP 	slider_2: autoDraw = True
13.1846 	EXP 	question_2: autoDraw = True
13.1846 	EXP 	question: height = 0.034999999999999996
13.1846 	EXP 	question: height = 0.034999999999999996
13.1846 	EXP 	question: height = 0.034999999999999996
13.1846 	EXP 	question: text = 'Content'
13.1846 	EXP 	question_2: height = 0.034999999999999996
13.1846 	EXP 	question_2: height = 0.034999999999999996
13.1846 	EXP 	question_2: height = 0.034999999999999996
13.1846 	EXP 	question_2: text = 'Drawing style'
15.0084 	DATA 	Keypress: space
15.0242 	EXP 	polygon: autoDraw = False
15.0242 	EXP 	polygon_2: autoDraw = False
15.0242 	EXP 	image1: autoDraw = False
15.0242 	EXP 	image2: autoDraw = False
15.0242 	EXP 	slider: autoDraw = False
15.0242 	EXP 	question: autoDraw = False
15.0242 	EXP 	slider_2: autoDraw = False
15.0242 	EXP 	question_2: autoDraw = False
15.0242 	EXP 	text: autoDraw = True
15.3081 	EXP 	New trial (rep=0, index=7): OrderedDict([('sub1', 110), ('sub2', 133), ('pairID', 'practice'), ('trialID', 1), ('stim1', 'stimuli/own/bathroom/110_bat.jpg'), ('stim2', 'stimuli/own/bathroom/133_bat.jpg')])
15.4508 	EXP 	text: autoDraw = False
15.4508 	EXP 	text: autoDraw = False
15.4508 	EXP 	image1: image = 'stimuli/own/bathroom/110_bat.jpg'
15.4508 	EXP 	image2: image = 'stimuli/own/bathroom/133_bat.jpg'
15.4508 	EXP 	slider: markerPos = None
15.4508 	EXP 	slider: markerPos = None
15.4508 	EXP 	slider: styleTweaks = ['triangleMarker']
15.4508 	EXP 	slider: styleTweaks = ['triangleMarker']
15.4508 	EXP 	question: height = 0.034999999999999996
15.4508 	EXP 	slider_2: markerPos = None
15.4508 	EXP 	slider_2: markerPos = None
15.4508 	EXP 	slider_2: styleTweaks = ['triangleMarker']
15.4508 	EXP 	slider_2: styleTweaks = ['triangleMarker']
15.4508 	EXP 	question_2: height = 0.034999999999999996
15.4508 	EXP 	polygon: autoDraw = True
15.4508 	EXP 	polygon_2: autoDraw = True
15.4508 	EXP 	image1: autoDraw = True
15.4508 	EXP 	image2: autoDraw = True
15.4508 	EXP 	slider: autoDraw = True
15.4508 	EXP 	question: autoDraw = True
15.4508 	EXP 	slider_2: autoDraw = True
15.4508 	EXP 	question_2: autoDraw = True
15.4508 	EXP 	question: height = 0.034999999999999996
15.4508 	EXP 	question: height = 0.034999999999999996
15.4508 	EXP 	question: height = 0.034999999999999996
15.4508 	EXP 	question: text = 'Content'
15.4508 	EXP 	question_2: height = 0.034999999999999996
15.4508 	EXP 	question_2: height = 0.034999999999999996
15.4508 	EXP 	question_2: height = 0.034999999999999996
15.4508 	EXP 	question_2: text = 'Drawing style'
16.5749 	DATA 	Keypress: space
16.5906 	EXP 	polygon: autoDraw = False
16.5906 	EXP 	polygon_2: autoDraw = False
16.5906 	EXP 	image1: autoDraw = False
16.5906 	EXP 	image2: autoDraw = False
16.5906 	EXP 	slider: autoDraw = False
16.5906 	EXP 	question: autoDraw = False
16.5906 	EXP 	slider_2: autoDraw = False
16.5906 	EXP 	question_2: autoDraw = False
16.5906 	EXP 	text: autoDraw = True
16.8770 	EXP 	New trial (rep=0, index=8): OrderedDict([('sub1', 108), ('sub2', 133), ('pairID', 'practice'), ('trialID', 10), ('stim1', 'stimuli/own/bathroom/108_bat.jpg'), ('stim2', 'stimuli/own/bathroom/133_bat.jpg')])
17.0605 	EXP 	text: autoDraw = False
17.0605 	EXP 	text: autoDraw = False
17.0605 	EXP 	image1: image = 'stimuli/own/bathroom/108_bat.jpg'
17.0605 	EXP 	image2: image = 'stimuli/own/bathroom/133_bat.jpg'
17.0605 	EXP 	slider: markerPos = None
17.0605 	EXP 	slider: markerPos = None
17.0605 	EXP 	slider: styleTweaks = ['triangleMarker']
17.0605 	EXP 	slider: styleTweaks = ['triangleMarker']
17.0605 	EXP 	question: height = 0.034999999999999996
17.0605 	EXP 	slider_2: markerPos = None
17.0605 	EXP 	slider_2: markerPos = None
17.0605 	EXP 	slider_2: styleTweaks = ['triangleMarker']
17.0605 	EXP 	slider_2: styleTweaks = ['triangleMarker']
17.0605 	EXP 	question_2: height = 0.034999999999999996
17.0605 	EXP 	polygon: autoDraw = True
17.0605 	EXP 	polygon_2: autoDraw = True
17.0605 	EXP 	image1: autoDraw = True
17.0605 	EXP 	image2: autoDraw = True
17.0605 	EXP 	slider: autoDraw = True
17.0605 	EXP 	question: autoDraw = True
17.0605 	EXP 	slider_2: autoDraw = True
17.0605 	EXP 	question_2: autoDraw = True
17.0605 	EXP 	question: height = 0.034999999999999996
17.0605 	EXP 	question: height = 0.034999999999999996
17.0605 	EXP 	question: height = 0.034999999999999996
17.0605 	EXP 	question: text = 'Content'
17.0605 	EXP 	question_2: height = 0.034999999999999996
17.0605 	EXP 	question_2: height = 0.034999999999999996
17.0605 	EXP 	question_2: height = 0.034999999999999996
17.0605 	EXP 	question_2: text = 'Drawing style'
18.7263 	DATA 	Keypress: space
18.7406 	EXP 	polygon: autoDraw = False
18.7406 	EXP 	polygon_2: autoDraw = False
18.7406 	EXP 	image1: autoDraw = False
18.7406 	EXP 	image2: autoDraw = False
18.7406 	EXP 	slider: autoDraw = False
18.7406 	EXP 	question: autoDraw = False
18.7406 	EXP 	slider_2: autoDraw = False
18.7406 	EXP 	question_2: autoDraw = False
18.7406 	EXP 	text: autoDraw = True
19.0276 	EXP 	New trial (rep=0, index=9): OrderedDict([('sub1', 128), ('sub2', 133), ('pairID', 'practice'), ('trialID', 6), ('stim1', 'stimuli/own/bathroom/128_bat.jpg'), ('stim2', 'stimuli/own/bathroom/133_bat.jpg')])
19.1882 	EXP 	text: autoDraw = False
19.1882 	EXP 	text: autoDraw = False
19.1882 	EXP 	image1: image = 'stimuli/own/bathroom/128_bat.jpg'
19.1882 	EXP 	image2: image = 'stimuli/own/bathroom/133_bat.jpg'
19.1882 	EXP 	slider: markerPos = None
19.1882 	EXP 	slider: markerPos = None
19.1882 	EXP 	slider: styleTweaks = ['triangleMarker']
19.1882 	EXP 	slider: styleTweaks = ['triangleMarker']
19.1882 	EXP 	question: height = 0.034999999999999996
19.1882 	EXP 	slider_2: markerPos = None
19.1882 	EXP 	slider_2: markerPos = None
19.1882 	EXP 	slider_2: styleTweaks = ['triangleMarker']
19.1882 	EXP 	slider_2: styleTweaks = ['triangleMarker']
19.1882 	EXP 	question_2: height = 0.034999999999999996
19.1882 	EXP 	polygon: autoDraw = True
19.1882 	EXP 	polygon_2: autoDraw = True
19.1882 	EXP 	image1: autoDraw = True
19.1882 	EXP 	image2: autoDraw = True
19.1882 	EXP 	slider: autoDraw = True
19.1882 	EXP 	question: autoDraw = True
19.1882 	EXP 	slider_2: autoDraw = True
19.1882 	EXP 	question_2: autoDraw = True
19.1882 	EXP 	question: height = 0.034999999999999996
19.1882 	EXP 	question: height = 0.034999999999999996
19.1882 	EXP 	question: height = 0.034999999999999996
19.1882 	EXP 	question: text = 'Content'
19.1882 	EXP 	question_2: height = 0.034999999999999996
19.1882 	EXP 	question_2: height = 0.034999999999999996
19.1882 	EXP 	question_2: height = 0.034999999999999996
19.1882 	EXP 	question_2: text = 'Drawing style'
20.0638 	DATA 	Keypress: space
20.0906 	EXP 	polygon: autoDraw = False
20.0906 	EXP 	polygon_2: autoDraw = False
20.0906 	EXP 	image1: autoDraw = False
20.0906 	EXP 	image2: autoDraw = False
20.0906 	EXP 	slider: autoDraw = False
20.0906 	EXP 	question: autoDraw = False
20.0906 	EXP 	slider_2: autoDraw = False
20.0906 	EXP 	question_2: autoDraw = False
20.0906 	EXP 	text: autoDraw = True
20.3919 	EXP 	text: autoDraw = False
20.3919 	EXP 	text: autoDraw = False
20.3919 	EXP 	text_2: autoDraw = True
21.0258 	DATA 	Keypress: space
21.0576 	EXP 	Imported conditions/conditions_bathroom.csv as conditions, 630 conditions, 6 params
21.0596 	EXP 	Created sequence: random, trialTypes=630, nReps=1, seed=200
21.0598 	EXP 	New trial (rep=0, index=0): OrderedDict([('sub1', 112), ('sub2', 136), ('pairID', 274), ('trialID', 274), ('stim1', 'stimuli/own/bathroom/112_bat.jpg'), ('stim2', 'stimuli/own/bathroom/136_bat.jpg')])
21.0599 	EXP 	window1: mouseVisible = True
21.0929 	EXP 	Created unnamed TextStim = TextStim(__class__=<class 'psychopy.visual.text.TextStim'>, alignHoriz=method-wrapper(...), alignText='center', alignVert=method-wrapper(...), anchorHoriz='center', anchorVert='center', antialias=True, autoDraw=False, autoLog=True, bold=False, color=array([-1., -1., -1.]), colorSpace='rgb', contrast=1.0, depth=0, draggable=False, flipHoriz=False, flipVert=False, font='', fontFiles=[], height=0.05, italic=False, languageStyle='LTR', name='unnamed TextStim', opacity=1.0, ori=0.0, pos=array([0., 0.]), rgb=UNKNOWN, text=str(...), units='height', win=Window(...), wrapWidth=1)
21.0961 	EXP 	text_2: autoDraw = False
21.0961 	EXP 	unnamed TextStim: autoDraw = False
21.0961 	EXP 	text: autoDraw = True
21.5522 	EXP 	text: autoDraw = False
21.5522 	EXP 	text: autoDraw = False
21.5522 	EXP 	image1: image = 'stimuli/own/bathroom/112_bat.jpg'
21.5522 	EXP 	image2: image = 'stimuli/own/bathroom/136_bat.jpg'
21.5522 	EXP 	slider: markerPos = None
21.5522 	EXP 	slider: markerPos = None
21.5522 	EXP 	slider: styleTweaks = ['triangleMarker']
21.5522 	EXP 	slider: styleTweaks = ['triangleMarker']
21.5522 	EXP 	question: height = 0.034999999999999996
21.5522 	EXP 	slider_2: markerPos = None
21.5522 	EXP 	slider_2: markerPos = None
21.5522 	EXP 	slider_2: styleTweaks = ['triangleMarker']
21.5522 	EXP 	slider_2: styleTweaks = ['triangleMarker']
21.5522 	EXP 	question_2: height = 0.034999999999999996
21.5522 	EXP 	polygon: autoDraw = True
21.5522 	EXP 	polygon_2: autoDraw = True
21.5522 	EXP 	image1: autoDraw = True
21.5522 	EXP 	image2: autoDraw = True
21.5522 	EXP 	slider: autoDraw = True
21.5522 	EXP 	question: autoDraw = True
21.5522 	EXP 	slider_2: autoDraw = True
21.5522 	EXP 	question_2: autoDraw = True
21.5522 	EXP 	question: height = 0.034999999999999996
21.5522 	EXP 	question: height = 0.034999999999999996
21.5522 	EXP 	question: height = 0.034999999999999996
21.5522 	EXP 	question: text = 'Content'
21.5522 	EXP 	question_2: height = 0.034999999999999996
21.5522 	EXP 	question_2: height = 0.034999999999999996
21.5522 	EXP 	question_2: height = 0.034999999999999996
21.5522 	EXP 	question_2: text = 'Drawing style'
24.1747 	DATA 	Keypress: space
24.1794 	EXP 	New trial (rep=0, index=1): OrderedDict([('sub1', 103), ('sub2', 139), ('pairID', 100), ('trialID', 100), ('stim1', 'stimuli/own/bathroom/103_bat.jpg'), ('stim2', 'stimuli/own/bathroom/139_bat.jpg')])
24.1795 	EXP 	window1: mouseVisible = True
24.1842 	EXP 	Created unnamed TextStim = TextStim(__class__=<class 'psychopy.visual.text.TextStim'>, alignHoriz=method-wrapper(...), alignText='center', alignVert=method-wrapper(...), anchorHoriz='center', anchorVert='center', antialias=True, autoDraw=False, autoLog=True, bold=False, color=array([-1., -1., -1.]), colorSpace='rgb', contrast=1.0, depth=0, draggable=False, flipHoriz=False, flipVert=False, font='', fontFiles=[], height=0.05, italic=False, languageStyle='LTR', name='unnamed TextStim', opacity=1.0, ori=0.0, pos=array([0., 0.]), rgb=UNKNOWN, text=str(...), units='height', win=Window(...), wrapWidth=1)
24.1907 	EXP 	polygon: autoDraw = False
24.1907 	EXP 	polygon_2: autoDraw = False
24.1907 	EXP 	image1: autoDraw = False
24.1907 	EXP 	image2: autoDraw = False
24.1907 	EXP 	slider: autoDraw = False
24.1907 	EXP 	question: autoDraw = False
24.1907 	EXP 	slider_2: autoDraw = False
24.1907 	EXP 	question_2: autoDraw = False
24.1907 	EXP 	unnamed TextStim: autoDraw = False
24.1907 	EXP 	text: autoDraw = True
24.6474 	EXP 	text: autoDraw = False
24.6474 	EXP 	text: autoDraw = False
24.6474 	EXP 	image1: image = 'stimuli/own/bathroom/103_bat.jpg'
24.6474 	EXP 	image2: image = 'stimuli/own/bathroom/139_bat.jpg'
24.6474 	EXP 	slider: markerPos = None
24.6474 	EXP 	slider: markerPos = None
24.6474 	EXP 	slider: styleTweaks = ['triangleMarker']
24.6474 	EXP 	slider: styleTweaks = ['triangleMarker']
24.6474 	EXP 	question: height = 0.034999999999999996
24.6474 	EXP 	slider_2: markerPos = None
24.6474 	EXP 	slider_2: markerPos = None
24.6474 	EXP 	slider_2: styleTweaks = ['triangleMarker']
24.6474 	EXP 	slider_2: styleTweaks = ['triangleMarker']
24.6474 	EXP 	question_2: height = 0.034999999999999996
24.6474 	EXP 	polygon: autoDraw = True
24.6474 	EXP 	polygon_2: autoDraw = True
24.6474 	EXP 	image1: autoDraw = True
24.6474 	EXP 	image2: autoDraw = True
24.6474 	EXP 	slider: autoDraw = True
24.6474 	EXP 	question: autoDraw = True
24.6474 	EXP 	slider_2: autoDraw = True
24.6474 	EXP 	question_2: autoDraw = True
24.6474 	EXP 	question: height = 0.034999999999999996
24.6474 	EXP 	question: height = 0.034999999999999996
24.6474 	EXP 	question: height = 0.034999999999999996
24.6474 	EXP 	question: text = 'Content'
24.6474 	EXP 	question_2: height = 0.034999999999999996
24.6474 	EXP 	question_2: height = 0.034999999999999996
24.6474 	EXP 	question_2: height = 0.034999999999999996
24.6474 	EXP 	question_2: text = 'Drawing style'
27.2012 	DATA 	Keypress: space
27.2108 	EXP 	New trial (rep=0, index=2): OrderedDict([('sub1', 103), ('sub2', 112), ('pairID', 75), ('trialID', 75), ('stim1', 'stimuli/own/bathroom/103_bat.jpg'), ('stim2', 'stimuli/own/bathroom/112_bat.jpg')])
27.2109 	EXP 	window1: mouseVisible = True
27.2137 	EXP 	Created unnamed TextStim = TextStim(__class__=<class 'psychopy.visual.text.TextStim'>, alignHoriz=method-wrapper(...), alignText='center', alignVert=method-wrapper(...), anchorHoriz='center', anchorVert='center', antialias=True, autoDraw=False, autoLog=True, bold=False, color=array([-1., -1., -1.]), colorSpace='rgb', contrast=1.0, depth=0, draggable=False, flipHoriz=False, flipVert=False, font='', fontFiles=[], height=0.05, italic=False, languageStyle='LTR', name='unnamed TextStim', opacity=1.0, ori=0.0, pos=array([0., 0.]), rgb=UNKNOWN, text=str(...), units='height', win=Window(...), wrapWidth=1)
27.2240 	EXP 	polygon: autoDraw = False
27.2240 	EXP 	polygon_2: autoDraw = False
27.2240 	EXP 	image1: autoDraw = False
27.2240 	EXP 	image2: autoDraw = False
27.2240 	EXP 	slider: autoDraw = False
27.2240 	EXP 	question: autoDraw = False
27.2240 	EXP 	slider_2: autoDraw = False
27.2240 	EXP 	question_2: autoDraw = False
27.2240 	EXP 	unnamed TextStim: autoDraw = False
27.2240 	EXP 	text: autoDraw = True
27.6503 	EXP 	text: autoDraw = False
27.6503 	EXP 	text: autoDraw = False
27.6503 	EXP 	image1: image = 'stimuli/own/bathroom/103_bat.jpg'
27.6503 	EXP 	image2: image = 'stimuli/own/bathroom/112_bat.jpg'
27.6503 	EXP 	slider: markerPos = None
27.6503 	EXP 	slider: markerPos = None
27.6503 	EXP 	slider: styleTweaks = ['triangleMarker']
27.6503 	EXP 	slider: styleTweaks = ['triangleMarker']
27.6503 	EXP 	question: height = 0.034999999999999996
27.6503 	EXP 	slider_2: markerPos = None
27.6503 	EXP 	slider_2: markerPos = None
27.6503 	EXP 	slider_2: styleTweaks = ['triangleMarker']
27.6503 	EXP 	slider_2: styleTweaks = ['triangleMarker']
27.6503 	EXP 	question_2: height = 0.034999999999999996
27.6503 	EXP 	polygon: autoDraw = True
27.6503 	EXP 	polygon_2: autoDraw = True
27.6503 	EXP 	image1: autoDraw = True
27.6503 	EXP 	image2: autoDraw = True
27.6503 	EXP 	slider: autoDraw = True
27.6503 	EXP 	question: autoDraw = True
27.6503 	EXP 	slider_2: autoDraw = True
27.6503 	EXP 	question_2: autoDraw = True
27.6503 	EXP 	question: height = 0.034999999999999996
27.6503 	EXP 	question: height = 0.034999999999999996
27.6503 	EXP 	question: height = 0.034999999999999996
27.6503 	EXP 	question: text = 'Content'
27.6503 	EXP 	question_2: height = 0.034999999999999996
27.6503 	EXP 	question_2: height = 0.034999999999999996
27.6503 	EXP 	question_2: height = 0.034999999999999996
27.6503 	EXP 	question_2: text = 'Drawing style'
28.6906 	DATA 	Keypress: space
28.6939 	EXP 	New trial (rep=0, index=3): OrderedDict([('sub1', 132), ('sub2', 140), ('pairID', 601), ('trialID', 601), ('stim1', 'stimuli/own/bathroom/132_bat.jpg'), ('stim2', 'stimuli/own/bathroom/140_bat.jpg')])
28.6940 	EXP 	window1: mouseVisible = True
28.6969 	EXP 	Created unnamed TextStim = TextStim(__class__=<class 'psychopy.visual.text.TextStim'>, alignHoriz=method-wrapper(...), alignText='center', alignVert=method-wrapper(...), anchorHoriz='center', anchorVert='center', antialias=True, autoDraw=False, autoLog=True, bold=False, color=array([-1., -1., -1.]), colorSpace='rgb', contrast=1.0, depth=0, draggable=False, flipHoriz=False, flipVert=False, font='', fontFiles=[], height=0.05, italic=False, languageStyle='LTR', name='unnamed TextStim', opacity=1.0, ori=0.0, pos=array([0., 0.]), rgb=UNKNOWN, text=str(...), units='height', win=Window(...), wrapWidth=1)
28.7070 	EXP 	polygon: autoDraw = False
28.7070 	EXP 	polygon_2: autoDraw = False
28.7070 	EXP 	image1: autoDraw = False
28.7070 	EXP 	image2: autoDraw = False
28.7070 	EXP 	slider: autoDraw = False
28.7070 	EXP 	question: autoDraw = False
28.7070 	EXP 	slider_2: autoDraw = False
28.7070 	EXP 	question_2: autoDraw = False
28.7070 	EXP 	unnamed TextStim: autoDraw = False
28.7070 	EXP 	text: autoDraw = True
29.1529 	EXP 	text: autoDraw = False
29.1529 	EXP 	text: autoDraw = False
29.1529 	EXP 	image1: image = 'stimuli/own/bathroom/132_bat.jpg'
29.1529 	EXP 	image2: image = 'stimuli/own/bathroom/140_bat.jpg'
29.1529 	EXP 	slider: markerPos = None
29.1529 	EXP 	slider: markerPos = None
29.1529 	EXP 	slider: styleTweaks = ['triangleMarker']
29.1529 	EXP 	slider: styleTweaks = ['triangleMarker']
29.1529 	EXP 	question: height = 0.034999999999999996
29.1529 	EXP 	slider_2: markerPos = None
29.1529 	EXP 	slider_2: markerPos = None
29.1529 	EXP 	slider_2: styleTweaks = ['triangleMarker']
29.1529 	EXP 	slider_2: styleTweaks = ['triangleMarker']
29.1529 	EXP 	question_2: height = 0.034999999999999996
29.1529 	EXP 	polygon: autoDraw = True
29.1529 	EXP 	polygon_2: autoDraw = True
29.1529 	EXP 	image1: autoDraw = True
29.1529 	EXP 	image2: autoDraw = True
29.1529 	EXP 	slider: autoDraw = True
29.1529 	EXP 	question: autoDraw = True
29.1529 	EXP 	slider_2: autoDraw = True
29.1529 	EXP 	question_2: autoDraw = True
29.1529 	EXP 	question: height = 0.034999999999999996
29.1529 	EXP 	question: height = 0.034999999999999996
29.1529 	EXP 	question: height = 0.034999999999999996
29.1529 	EXP 	question: text = 'Content'
29.1529 	EXP 	question_2: height = 0.034999999999999996
29.1529 	EXP 	question_2: height = 0.034999999999999996
29.1529 	EXP 	question_2: height = 0.034999999999999996
29.1529 	EXP 	question_2: text = 'Drawing style'
30.6964 	DATA 	Keypress: space
30.7104 	EXP 	New trial (rep=0, index=4): OrderedDict([('sub1', 109), ('sub2', 130), ('pairID', 214), ('trialID', 214), ('stim1', 'stimuli/own/bathroom/109_bat.jpg'), ('stim2', 'stimuli/own/bathroom/130_bat.jpg')])
30.7105 	EXP 	window1: mouseVisible = True
30.7135 	EXP 	Created unnamed TextStim = TextStim(__class__=<class 'psychopy.visual.text.TextStim'>, alignHoriz=method-wrapper(...), alignText='center', alignVert=method-wrapper(...), anchorHoriz='center', anchorVert='center', antialias=True, autoDraw=False, autoLog=True, bold=False, color=array([-1., -1., -1.]), colorSpace='rgb', contrast=1.0, depth=0, draggable=False, flipHoriz=False, flipVert=False, font='', fontFiles=[], height=0.05, italic=False, languageStyle='LTR', name='unnamed TextStim', opacity=1.0, ori=0.0, pos=array([0., 0.]), rgb=UNKNOWN, text=str(...), units='height', win=Window(...), wrapWidth=1)
30.7236 	EXP 	polygon: autoDraw = False
30.7236 	EXP 	polygon_2: autoDraw = False
30.7236 	EXP 	image1: autoDraw = False
30.7236 	EXP 	image2: autoDraw = False
30.7236 	EXP 	slider: autoDraw = False
30.7236 	EXP 	question: autoDraw = False
30.7236 	EXP 	slider_2: autoDraw = False
30.7236 	EXP 	question_2: autoDraw = False
30.7236 	EXP 	unnamed TextStim: autoDraw = False
30.7236 	EXP 	text: autoDraw = True
31.1838 	EXP 	text: autoDraw = False
31.1838 	EXP 	text: autoDraw = False
31.1838 	EXP 	image1: image = 'stimuli/own/bathroom/109_bat.jpg'
31.1838 	EXP 	image2: image = 'stimuli/own/bathroom/130_bat.jpg'
31.1838 	EXP 	slider: markerPos = None
31.1838 	EXP 	slider: markerPos = None
31.1838 	EXP 	slider: styleTweaks = ['triangleMarker']
31.1838 	EXP 	slider: styleTweaks = ['triangleMarker']
31.1838 	EXP 	question: height = 0.034999999999999996
31.1838 	EXP 	slider_2: markerPos = None
31.1838 	EXP 	slider_2: markerPos = None
31.1838 	EXP 	slider_2: styleTweaks = ['triangleMarker']
31.1838 	EXP 	slider_2: styleTweaks = ['triangleMarker']
31.1838 	EXP 	question_2: height = 0.034999999999999996
31.1838 	EXP 	polygon: autoDraw = True
31.1838 	EXP 	polygon_2: autoDraw = True
31.1838 	EXP 	image1: autoDraw = True
31.1838 	EXP 	image2: autoDraw = True
31.1838 	EXP 	slider: autoDraw = True
31.1838 	EXP 	question: autoDraw = True
31.1838 	EXP 	slider_2: autoDraw = True
31.1838 	EXP 	question_2: autoDraw = True
31.1838 	EXP 	question: height = 0.034999999999999996
31.1838 	EXP 	question: height = 0.034999999999999996
31.1838 	EXP 	question: height = 0.034999999999999996
31.1838 	EXP 	question: text = 'Content'
31.1838 	EXP 	question_2: height = 0.034999999999999996
31.1838 	EXP 	question_2: height = 0.034999999999999996
31.1838 	EXP 	question_2: height = 0.034999999999999996
31.1838 	EXP 	question_2: text = 'Drawing style'
32.3677 	DATA 	Keypress: space
32.3772 	EXP 	New trial (rep=0, index=5): OrderedDict([('sub1', 105), ('sub2', 119), ('pairID', 145), ('trialID', 145), ('stim1', 'stimuli/own/bathroom/105_bat.jpg'), ('stim2', 'stimuli/own/bathroom/119_bat.jpg')])
32.3773 	EXP 	window1: mouseVisible = True
32.3803 	EXP 	Created unnamed TextStim = TextStim(__class__=<class 'psychopy.visual.text.TextStim'>, alignHoriz=method-wrapper(...), alignText='center', alignVert=method-wrapper(...), anchorHoriz='center', anchorVert='center', antialias=True, autoDraw=False, autoLog=True, bold=False, color=array([-1., -1., -1.]), colorSpace='rgb', contrast=1.0, depth=0, draggable=False, flipHoriz=False, flipVert=False, font='', fontFiles=[], height=0.05, italic=False, languageStyle='LTR', name='unnamed TextStim', opacity=1.0, ori=0.0, pos=array([0., 0.]), rgb=UNKNOWN, text=str(...), units='height', win=Window(...), wrapWidth=1)
32.3906 	EXP 	polygon: autoDraw = False
32.3906 	EXP 	polygon_2: autoDraw = False
32.3906 	EXP 	image1: autoDraw = False
32.3906 	EXP 	image2: autoDraw = False
32.3906 	EXP 	slider: autoDraw = False
32.3906 	EXP 	question: autoDraw = False
32.3906 	EXP 	slider_2: autoDraw = False
32.3906 	EXP 	question_2: autoDraw = False
32.3906 	EXP 	unnamed TextStim: autoDraw = False
32.3906 	EXP 	text: autoDraw = True
32.8222 	EXP 	text: autoDraw = False
32.8222 	EXP 	text: autoDraw = False
32.8222 	EXP 	image1: image = 'stimuli/own/bathroom/105_bat.jpg'
32.8222 	EXP 	image2: image = 'stimuli/own/bathroom/119_bat.jpg'
32.8222 	EXP 	slider: markerPos = None
32.8222 	EXP 	slider: markerPos = None
32.8222 	EXP 	slider: styleTweaks = ['triangleMarker']
32.8222 	EXP 	slider: styleTweaks = ['triangleMarker']
32.8222 	EXP 	question: height = 0.034999999999999996
32.8222 	EXP 	slider_2: markerPos = None
32.8222 	EXP 	slider_2: markerPos = None
32.8222 	EXP 	slider_2: styleTweaks = ['triangleMarker']
32.8222 	EXP 	slider_2: styleTweaks = ['triangleMarker']
32.8222 	EXP 	question_2: height = 0.034999999999999996
32.8222 	EXP 	polygon: autoDraw = True
32.8222 	EXP 	polygon_2: autoDraw = True
32.8222 	EXP 	image1: autoDraw = True
32.8222 	EXP 	image2: autoDraw = True
32.8222 	EXP 	slider: autoDraw = True
32.8222 	EXP 	question: autoDraw = True
32.8222 	EXP 	slider_2: autoDraw = True
32.8222 	EXP 	question_2: autoDraw = True
32.8222 	EXP 	question: height = 0.034999999999999996
32.8222 	EXP 	question: height = 0.034999999999999996
32.8222 	EXP 	question: height = 0.034999999999999996
32.8222 	EXP 	question: text = 'Content'
32.8222 	EXP 	question_2: height = 0.034999999999999996
32.8222 	EXP 	question_2: height = 0.034999999999999996
32.8222 	EXP 	question_2: height = 0.034999999999999996
32.8222 	EXP 	question_2: text = 'Drawing style'
33.6183 	DATA 	Keypress: space
33.6271 	EXP 	New trial (rep=0, index=6): OrderedDict([('sub1', 111), ('sub2', 114), ('pairID', 227), ('trialID', 227), ('stim1', 'stimuli/own/bathroom/111_bat.jpg'), ('stim2', 'stimuli/own/bathroom/114_bat.jpg')])
33.6272 	EXP 	window1: mouseVisible = True
33.6301 	EXP 	Created unnamed TextStim = TextStim(__class__=<class 'psychopy.visual.text.TextStim'>, alignHoriz=method-wrapper(...), alignText='center', alignVert=method-wrapper(...), anchorHoriz='center', anchorVert='center', antialias=True, autoDraw=False, autoLog=True, bold=False, color=array([-1., -1., -1.]), colorSpace='rgb', contrast=1.0, depth=0, draggable=False, flipHoriz=False, flipVert=False, font='', fontFiles=[], height=0.05, italic=False, languageStyle='LTR', name='unnamed TextStim', opacity=1.0, ori=0.0, pos=array([0., 0.]), rgb=UNKNOWN, text=str(...), units='height', win=Window(...), wrapWidth=1)
33.6404 	EXP 	polygon: autoDraw = False
33.6404 	EXP 	polygon_2: autoDraw = False
33.6404 	EXP 	image1: autoDraw = False
33.6404 	EXP 	image2: autoDraw = False
33.6404 	EXP 	slider: autoDraw = False
33.6404 	EXP 	question: autoDraw = False
33.6404 	EXP 	slider_2: autoDraw = False
33.6404 	EXP 	question_2: autoDraw = False
33.6404 	EXP 	unnamed TextStim: autoDraw = False
33.6404 	EXP 	text: autoDraw = True
34.0949 	EXP 	text: autoDraw = False
34.0949 	EXP 	text: autoDraw = False
34.0949 	EXP 	image1: image = 'stimuli/own/bathroom/111_bat.jpg'
34.0949 	EXP 	image2: image = 'stimuli/own/bathroom/114_bat.jpg'
34.0949 	EXP 	slider: markerPos = None
34.0949 	EXP 	slider: markerPos = None
34.0949 	EXP 	slider: styleTweaks = ['triangleMarker']
34.0949 	EXP 	slider: styleTweaks = ['triangleMarker']
34.0949 	EXP 	question: height = 0.034999999999999996
34.0949 	EXP 	slider_2: markerPos = None
34.0949 	EXP 	slider_2: markerPos = None
34.0949 	EXP 	slider_2: styleTweaks = ['triangleMarker']
34.0949 	EXP 	slider_2: styleTweaks = ['triangleMarker']
34.0949 	EXP 	question_2: height = 0.034999999999999996
34.0949 	EXP 	polygon: autoDraw = True
34.0949 	EXP 	polygon_2: autoDraw = True
34.0949 	EXP 	image1: autoDraw = True
34.0949 	EXP 	image2: autoDraw = True
34.0949 	EXP 	slider: autoDraw = True
34.0949 	EXP 	question: autoDraw = True
34.0949 	EXP 	slider_2: autoDraw = True
34.0949 	EXP 	question_2: autoDraw = True
34.0949 	EXP 	question: height = 0.034999999999999996
34.0949 	EXP 	question: height = 0.034999999999999996
34.0949 	EXP 	question: height = 0.034999999999999996
34.0949 	EXP 	question: text = 'Content'
34.0949 	EXP 	question_2: height = 0.034999999999999996
34.0949 	EXP 	question_2: height = 0.034999999999999996
34.0949 	EXP 	question_2: height = 0.034999999999999996
34.0949 	EXP 	question_2: text = 'Drawing style'
34.7917 	DATA 	Keypress: space
34.7950 	EXP 	New trial (rep=0, index=7): OrderedDict([('sub1', 104), ('sub2', 138), ('pairID', 131), ('trialID', 131), ('stim1', 'stimuli/own/bathroom/104_bat.jpg'), ('stim2', 'stimuli/own/bathroom/138_bat.jpg')])
34.7951 	EXP 	window1: mouseVisible = True
34.7980 	EXP 	Created unnamed TextStim = TextStim(__class__=<class 'psychopy.visual.text.TextStim'>, alignHoriz=method-wrapper(...), alignText='center', alignVert=method-wrapper(...), anchorHoriz='center', anchorVert='center', antialias=True, autoDraw=False, autoLog=True, bold=False, color=array([-1., -1., -1.]), colorSpace='rgb', contrast=1.0, depth=0, draggable=False, flipHoriz=False, flipVert=False, font='', fontFiles=[], height=0.05, italic=False, languageStyle='LTR', name='unnamed TextStim', opacity=1.0, ori=0.0, pos=array([0., 0.]), rgb=UNKNOWN, text=str(...), units='height', win=Window(...), wrapWidth=1)
34.8074 	EXP 	polygon: autoDraw = False
34.8074 	EXP 	polygon_2: autoDraw = False
34.8074 	EXP 	image1: autoDraw = False
34.8074 	EXP 	image2: autoDraw = False
34.8074 	EXP 	slider: autoDraw = False
34.8074 	EXP 	question: autoDraw = False
34.8074 	EXP 	slider_2: autoDraw = False
34.8074 	EXP 	question_2: autoDraw = False
34.8074 	EXP 	unnamed TextStim: autoDraw = False
34.8074 	EXP 	text: autoDraw = True
35.2513 	EXP 	text: autoDraw = False
35.2513 	EXP 	text: autoDraw = False
35.2513 	EXP 	image1: image = 'stimuli/own/bathroom/104_bat.jpg'
35.2513 	EXP 	image2: image = 'stimuli/own/bathroom/138_bat.jpg'
35.2513 	EXP 	slider: markerPos = None
35.2513 	EXP 	slider: markerPos = None
35.2513 	EXP 	slider: styleTweaks = ['triangleMarker']
35.2513 	EXP 	slider: styleTweaks = ['triangleMarker']
35.2513 	EXP 	question: height = 0.034999999999999996
35.2513 	EXP 	slider_2: markerPos = None
35.2513 	EXP 	slider_2: markerPos = None
35.2513 	EXP 	slider_2: styleTweaks = ['triangleMarker']
35.2513 	EXP 	slider_2: styleTweaks = ['triangleMarker']
35.2513 	EXP 	question_2: height = 0.034999999999999996
35.2513 	EXP 	polygon: autoDraw = True
35.2513 	EXP 	polygon_2: autoDraw = True
35.2513 	EXP 	image1: autoDraw = True
35.2513 	EXP 	image2: autoDraw = True
35.2513 	EXP 	slider: autoDraw = True
35.2513 	EXP 	question: autoDraw = True
35.2513 	EXP 	slider_2: autoDraw = True
35.2513 	EXP 	question_2: autoDraw = True
35.2513 	EXP 	question: height = 0.034999999999999996
35.2513 	EXP 	question: height = 0.034999999999999996
35.2513 	EXP 	question: height = 0.034999999999999996
35.2513 	EXP 	question: text = 'Content'
35.2513 	EXP 	question_2: height = 0.034999999999999996
35.2513 	EXP 	question_2: height = 0.034999999999999996
35.2513 	EXP 	question_2: height = 0.034999999999999996
35.2513 	EXP 	question_2: text = 'Drawing style'
35.8472 	DATA 	Keypress: space
35.8605 	EXP 	New trial (rep=0, index=8): OrderedDict([('sub1', 101), ('sub2', 139), ('pairID', 33), ('trialID', 33), ('stim1', 'stimuli/own/bathroom/101_bat.jpg'), ('stim2', 'stimuli/own/bathroom/139_bat.jpg')])
35.8607 	EXP 	window1: mouseVisible = True
35.8636 	EXP 	Created unnamed TextStim = TextStim(__class__=<class 'psychopy.visual.text.TextStim'>, alignHoriz=method-wrapper(...), alignText='center', alignVert=method-wrapper(...), anchorHoriz='center', anchorVert='center', antialias=True, autoDraw=False, autoLog=True, bold=False, color=array([-1., -1., -1.]), colorSpace='rgb', contrast=1.0, depth=0, draggable=False, flipHoriz=False, flipVert=False, font='', fontFiles=[], height=0.05, italic=False, languageStyle='LTR', name='unnamed TextStim', opacity=1.0, ori=0.0, pos=array([0., 0.]), rgb=UNKNOWN, text=str(...), units='height', win=Window(...), wrapWidth=1)
35.8741 	EXP 	polygon: autoDraw = False
35.8741 	EXP 	polygon_2: autoDraw = False
35.8741 	EXP 	image1: autoDraw = False
35.8741 	EXP 	image2: autoDraw = False
35.8741 	EXP 	slider: autoDraw = False
35.8741 	EXP 	question: autoDraw = False
35.8741 	EXP 	slider_2: autoDraw = False
35.8741 	EXP 	question_2: autoDraw = False
35.8741 	EXP 	unnamed TextStim: autoDraw = False
35.8741 	EXP 	text: autoDraw = True
36.3427 	EXP 	text: autoDraw = False
36.3427 	EXP 	text: autoDraw = False
36.3427 	EXP 	image1: image = 'stimuli/own/bathroom/101_bat.jpg'
36.3427 	EXP 	image2: image = 'stimuli/own/bathroom/139_bat.jpg'
36.3427 	EXP 	slider: markerPos = None
36.3427 	EXP 	slider: markerPos = None
36.3427 	EXP 	slider: styleTweaks = ['triangleMarker']
36.3427 	EXP 	slider: styleTweaks = ['triangleMarker']
36.3427 	EXP 	question: height = 0.034999999999999996
36.3427 	EXP 	slider_2: markerPos = None
36.3427 	EXP 	slider_2: markerPos = None
36.3427 	EXP 	slider_2: styleTweaks = ['triangleMarker']
36.3427 	EXP 	slider_2: styleTweaks = ['triangleMarker']
36.3427 	EXP 	question_2: height = 0.034999999999999996
36.3427 	EXP 	polygon: autoDraw = True
36.3427 	EXP 	polygon_2: autoDraw = True
36.3427 	EXP 	image1: autoDraw = True
36.3427 	EXP 	image2: autoDraw = True
36.3427 	EXP 	slider: autoDraw = True
36.3427 	EXP 	question: autoDraw = True
36.3427 	EXP 	slider_2: autoDraw = True
36.3427 	EXP 	question_2: autoDraw = True
36.3427 	EXP 	question: height = 0.034999999999999996
36.3427 	EXP 	question: height = 0.034999999999999996
36.3427 	EXP 	question: height = 0.034999999999999996
36.3427 	EXP 	question: text = 'Content'
36.3427 	EXP 	question_2: height = 0.034999999999999996
36.3427 	EXP 	question_2: height = 0.034999999999999996
36.3427 	EXP 	question_2: height = 0.034999999999999996
36.3427 	EXP 	question_2: text = 'Drawing style'
36.7912 	DATA 	Keypress: space
36.7945 	EXP 	New trial (rep=0, index=9): OrderedDict([('sub1', 126), ('sub2', 135), ('pairID', 546), ('trialID', 546), ('stim1', 'stimuli/own/bathroom/126_bat.jpg'), ('stim2', 'stimuli/own/bathroom/135_bat.jpg')])
36.7946 	EXP 	window1: mouseVisible = True
36.7974 	EXP 	Created unnamed TextStim = TextStim(__class__=<class 'psychopy.visual.text.TextStim'>, alignHoriz=method-wrapper(...), alignText='center', alignVert=method-wrapper(...), anchorHoriz='center', anchorVert='center', antialias=True, autoDraw=False, autoLog=True, bold=False, color=array([-1., -1., -1.]), colorSpace='rgb', contrast=1.0, depth=0, draggable=False, flipHoriz=False, flipVert=False, font='', fontFiles=[], height=0.05, italic=False, languageStyle='LTR', name='unnamed TextStim', opacity=1.0, ori=0.0, pos=array([0., 0.]), rgb=UNKNOWN, text=str(...), units='height', win=Window(...), wrapWidth=1)
36.8078 	EXP 	polygon: autoDraw = False
36.8078 	EXP 	polygon_2: autoDraw = False
36.8078 	EXP 	image1: autoDraw = False
36.8078 	EXP 	image2: autoDraw = False
36.8078 	EXP 	slider: autoDraw = False
36.8078 	EXP 	question: autoDraw = False
36.8078 	EXP 	slider_2: autoDraw = False
36.8078 	EXP 	question_2: autoDraw = False
36.8078 	EXP 	unnamed TextStim: autoDraw = False
36.8078 	EXP 	text: autoDraw = True
37.2524 	EXP 	text: autoDraw = False
37.2524 	EXP 	text: autoDraw = False
37.2524 	EXP 	image1: image = 'stimuli/own/bathroom/126_bat.jpg'
37.2524 	EXP 	image2: image = 'stimuli/own/bathroom/135_bat.jpg'
37.2524 	EXP 	slider: markerPos = None
37.2524 	EXP 	slider: markerPos = None
37.2524 	EXP 	slider: styleTweaks = ['triangleMarker']
37.2524 	EXP 	slider: styleTweaks = ['triangleMarker']
37.2524 	EXP 	question: height = 0.034999999999999996
37.2524 	EXP 	slider_2: markerPos = None
37.2524 	EXP 	slider_2: markerPos = None
37.2524 	EXP 	slider_2: styleTweaks = ['triangleMarker']
37.2524 	EXP 	slider_2: styleTweaks = ['triangleMarker']
37.2524 	EXP 	question_2: height = 0.034999999999999996
37.2524 	EXP 	polygon: autoDraw = True
37.2524 	EXP 	polygon_2: autoDraw = True
37.2524 	EXP 	image1: autoDraw = True
37.2524 	EXP 	image2: autoDraw = True
37.2524 	EXP 	slider: autoDraw = True
37.2524 	EXP 	question: autoDraw = True
37.2524 	EXP 	slider_2: autoDraw = True
37.2524 	EXP 	question_2: autoDraw = True
37.2524 	EXP 	question: height = 0.034999999999999996
37.2524 	EXP 	question: height = 0.034999999999999996
37.2524 	EXP 	question: height = 0.034999999999999996
37.2524 	EXP 	question: text = 'Content'
37.2524 	EXP 	question_2: height = 0.034999999999999996
37.2524 	EXP 	question_2: height = 0.034999999999999996
37.2524 	EXP 	question_2: height = 0.034999999999999996
37.2524 	EXP 	question_2: text = 'Drawing style'
37.4584 	DATA 	Keypress: escape
37.4586 	EXP 	image_similarity_rating: status = STOPPED
37.4745 	EXP 	polygon: autoDraw = False
37.4745 	EXP 	polygon_2: autoDraw = False
37.4745 	EXP 	image1: autoDraw = False
37.4745 	EXP 	image2: autoDraw = False
37.4745 	EXP 	slider: autoDraw = False
37.4745 	EXP 	question: autoDraw = False
37.4745 	EXP 	slider_2: autoDraw = False
37.4745 	EXP 	question_2: autoDraw = False
37.4746 	EXP 	image_similarity_rating: status = STOPPED
37.5571 	EXP 	window1: mouseVisible = True
